<?xml version="1.0" encoding="UTF-8"?>
<!-- Generated by org.testng.reporters.JUnitReportReporter -->
<testsuite hostname="DTAL14" name="testCases.CurriculumPage" tests="1" failures="0" timestamp="19 Oct 2016 06:38:38 GMT" time="11.163" errors="0">
  <testcase name="viewCurriculumPage" time="11.163" classname="testCases.CurriculumPage"/>
</testsuite> <!-- testCases.CurriculumPage -->
