<?xml version="1.0" encoding="UTF-8"?>
<!-- Generated by org.testng.reporters.JUnitReportReporter -->
<testsuite hostname="DTAL14" name="testCases.UserSignUpFlowType" tests="1" failures="0" timestamp="21 Oct 2016 10:34:18 GMT" time="18.826" errors="0">
  <testcase name="verifySignUpFlow" time="18.826" classname="testCases.UserSignUpFlowType"/>
</testsuite> <!-- testCases.UserSignUpFlowType -->
