<?xml version="1.0" encoding="UTF-8"?>
<!-- Generated by org.testng.reporters.JUnitReportReporter -->
<testsuite hostname="DTAL14" name="testCases.LandingPageParentSignUp" tests="1" failures="0" timestamp="14 Oct 2016 11:50:20 GMT" time="27.448" errors="0">
  <testcase name="verifyLinkPrivacyPolicy" time="27.448" classname="testCases.LandingPageParentSignUp"/>
</testsuite> <!-- testCases.LandingPageParentSignUp -->
