<?xml version="1.0" encoding="UTF-8"?>
<!-- Generated by org.testng.reporters.JUnitReportReporter -->
<testsuite hostname="DTAL14" name="testCases.FeatureAndPlan" tests="1" failures="0" timestamp="19 Oct 2016 07:47:42 GMT" time="59.775" errors="0">
  <testcase name="featureAndPlan" time="59.775" classname="testCases.FeatureAndPlan"/>
</testsuite> <!-- testCases.FeatureAndPlan -->
