<?xml version="1.0" encoding="UTF-8"?>
<!-- Generated by org.testng.reporters.JUnitReportReporter -->
<testsuite hostname="DTAL14" name="testCases.LandingPageParentSignUp" tests="1" failures="0" timestamp="18 Oct 2016 07:36:01 GMT" time="11.957" errors="0">
  <testcase name="enterInvalidCredentials" time="11.957" classname="testCases.LandingPageParentSignUp"/>
</testsuite> <!-- testCases.LandingPageParentSignUp -->
