<?xml version="1.0" encoding="UTF-8"?>
<!-- Generated by org.testng.reporters.JUnitReportReporter -->
<testsuite hostname="DTAL14" name="testCases.UserSignUpFlowType" tests="1" failures="0" timestamp="24 Nov 2016 04:23:10 GMT" time="62.892" errors="0">
  <testcase name="verifySignUpFlow" time="62.892" classname="testCases.UserSignUpFlowType"/>
</testsuite> <!-- testCases.UserSignUpFlowType -->
