<?xml version="1.0" encoding="UTF-8"?>
<!-- Generated by org.testng.reporters.JUnitReportReporter -->
<testsuite hostname="DTAL14" name="testCases.UserSignUpFlowType" tests="1" failures="0" timestamp="25 Oct 2016 11:14:18 GMT" time="52.634" errors="0">
  <testcase name="verifySignUpFlow" time="52.634" classname="testCases.UserSignUpFlowType"/>
</testsuite> <!-- testCases.UserSignUpFlowType -->
