<?xml version="1.0" encoding="UTF-8"?>
<!-- Generated by org.testng.reporters.JUnitReportReporter -->
<testsuite hostname="DTAL14" name="testCases.LandingPageTestCases" tests="19" failures="0" timestamp="19 Oct 2016 12:50:32 GMT" time="535.591" errors="0">
  <testcase name="verifyCurriculumLink" time="10.893" classname="testCases.LandingPageTestCases"/>
  <testcase name="verifyFreeGrade5MathAppLink" time="85.391" classname="testCases.LandingPageTestCases"/>
  <testcase name="verifyFreeGrade3MathAppLink" time="34.592" classname="testCases.LandingPageTestCases"/>
  <testcase name="verifyFreeKindergartenMathAppLink" time="74.820" classname="testCases.LandingPageTestCases"/>
  <testcase name="verifyGrade3MathAppLink" time="28.274" classname="testCases.LandingPageTestCases"/>
  <testcase name="verifySignInLink" time="12.211" classname="testCases.LandingPageTestCases"/>
  <testcase name="verifyParentSignUpButton" time="16.407" classname="testCases.LandingPageTestCases"/>
  <testcase name="verifyGrade4MathAppLink" time="18.794" classname="testCases.LandingPageTestCases"/>
  <testcase name="verifyFreeGrade1MathAppLink" time="16.805" classname="testCases.LandingPageTestCases"/>
  <testcase name="verifyGrade1MathAppLink" time="31.125" classname="testCases.LandingPageTestCases"/>
  <testcase name="verifyGrade5MathAppLink" time="16.907" classname="testCases.LandingPageTestCases"/>
  <testcase name="verifyCaseStudiesLink" time="30.579" classname="testCases.LandingPageTestCases"/>
  <testcase name="verifyPremiumSplashmathAppLink" time="23.382" classname="testCases.LandingPageTestCases"/>
  <testcase name="verifyFeatureAndPlanLink" time="13.489" classname="testCases.LandingPageTestCases"/>
  <testcase name="verifyKinderGartenMathAppLink" time="31.612" classname="testCases.LandingPageTestCases"/>
  <testcase name="verifyTeacherSignUpButton" time="15.773" classname="testCases.LandingPageTestCases"/>
  <testcase name="verifyFreeGrade2MathAppLink" time="39.682" classname="testCases.LandingPageTestCases"/>
  <testcase name="verifyFreeGrade4MathAppLink" time="19.404" classname="testCases.LandingPageTestCases"/>
  <testcase name="verifyGrade2MathAppLink" time="15.451" classname="testCases.LandingPageTestCases"/>
</testsuite> <!-- testCases.LandingPageTestCases -->
