<?xml version="1.0" encoding="UTF-8"?>
<!-- Generated by org.testng.reporters.JUnitReportReporter -->
<testsuite hostname="DTAL14" name="testCases.LandingPageParentSignUp" tests="4" failures="0" timestamp="12 Oct 2016 06:25:32 GMT" time="58.753" errors="0">
  <testcase name="enterBlankCredentials" time="16.827" classname="testCases.LandingPageParentSignUp"/>
  <testcase name="enterInvalidCredentials" time="14.752" classname="testCases.LandingPageParentSignUp"/>
  <testcase name="enterBlankUserEmail" time="13.718" classname="testCases.LandingPageParentSignUp"/>
  <testcase name="enterBlankUserPassword" time="13.456" classname="testCases.LandingPageParentSignUp"/>
</testsuite> <!-- testCases.LandingPageParentSignUp -->
