<?xml version="1.0" encoding="UTF-8"?>
<!-- Generated by org.testng.reporters.JUnitReportReporter -->
<testsuite hostname="DTAL14" name="testCases.UserSignUpFlowType" tests="1" failures="0" timestamp="26 Oct 2016 12:20:11 GMT" time="36.431" errors="0">
  <testcase name="verifySignUpFlow" time="36.431" classname="testCases.UserSignUpFlowType"/>
</testsuite> <!-- testCases.UserSignUpFlowType -->
