<?xml version="1.0" encoding="UTF-8"?>
<!-- Generated by org.testng.reporters.JUnitReportReporter -->
<testsuite hostname="DTAL14" name="testCases.LandingPageParentSignUp" tests="15" failures="0" timestamp="17 Oct 2016 07:04:23 GMT" time="407.380" errors="0">
  <testcase name="enterInvalidCredentials" time="10.547" classname="testCases.LandingPageParentSignUp"/>
  <testcase name="verifyFacebookSignUp" time="13.470" classname="testCases.LandingPageParentSignUp"/>
  <testcase name="enterBlankUserEmail" time="225.143" classname="testCases.LandingPageParentSignUp"/>
  <testcase name="verifyLinkTerms" time="14.797" classname="testCases.LandingPageParentSignUp"/>
  <testcase name="validSignUpTypeOne_usingSmallCharaters" time="16.379" classname="testCases.LandingPageParentSignUp"/>
  <testcase name="enterInvalidEmailFormatTypeTwo" time="11.620" classname="testCases.LandingPageParentSignUp"/>
  <testcase name="validSignUpTypeTwo_usingCapitalCharaters" time="14.941" classname="testCases.LandingPageParentSignUp"/>
  <testcase name="verifyAlreadySignUpUserEmailAccount" time="16.449" classname="testCases.LandingPageParentSignUp"/>
  <testcase name="enterBlankUserPassword" time="14.595" classname="testCases.LandingPageParentSignUp"/>
  <testcase name="enterUserPassword_InvalidPasswordLength" time="11.495" classname="testCases.LandingPageParentSignUp"/>
  <testcase name="enterBlankCredentials" time="11.510" classname="testCases.LandingPageParentSignUp"/>
  <testcase name="enterInvalidEmailFormatTypeThree" time="12.979" classname="testCases.LandingPageParentSignUp"/>
  <testcase name="verifyGoogleSignUp" time="10.190" classname="testCases.LandingPageParentSignUp"/>
  <testcase name="verifyLinkPrivacyPolicy" time="12.233" classname="testCases.LandingPageParentSignUp"/>
  <testcase name="enterInvalidEmailFormatTypeOne" time="11.032" classname="testCases.LandingPageParentSignUp"/>
</testsuite> <!-- testCases.LandingPageParentSignUp -->
