<?xml version="1.0" encoding="UTF-8"?>
<!-- Generated by org.testng.reporters.JUnitReportReporter -->
<testsuite hostname="DTAL14" name="testCases.UserSignUpFlowType" tests="1" failures="0" timestamp="16 Nov 2016 11:20:43 GMT" time="26.757" errors="0">
  <testcase name="verifySignUpFlow" time="26.757" classname="testCases.UserSignUpFlowType"/>
</testsuite> <!-- testCases.UserSignUpFlowType -->
